




FEBRUARY 21, 2015   09:46PM         Payroll Report                       PAGE   1

 EMPLOYEE         NAME            OLD     NEW      OLD     NEW      OLD     NEW
    NO.                          SALARY  SALARY    DUES    DUES    INSUR.  INSUR.
   00001  ADAMSON               $ 40000  $42800  $ 21.50  $22.36  $  6.75   $6.95
   00002  BAKER                 $ 50000  $53500  $ 12.75  $13.26  $508.00 $523.24
   00003  CARTWELL              $100000 $107000  $ 21.70  $22.57  $509.75 $525.04
   00021  RAMIREZ               $ 57043  $61036  $351.36 $365.41  $290.55 $299.27
   00022  GEORGE WASHINGTON     $ 47308  $50620  $142.11 $147.79  $721.01 $742.64
   00023  JAMES                 $ 45716  $48916  $910.78 $947.21  $470.99 $485.12
   00024  LYONS                 $ 65202  $69766  $561.03 $583.47  $510.36 $525.67
   00038  ASHLEY                $ 75800  $81106  $568.71 $591.46  $  2.14   $2.20
   00039  MRS. BUTTERFIELD      $ 43200  $46224  $698.55 $726.49  $821.47 $846.11
   00040  CALIOPIS              $ 96000 $102720  $  3.69   $3.84  $582.14 $599.60
   00041  DESEREY               $ 85000  $90950  $ 32.56  $33.86  $502.58 $517.66
   00042  FIELDSON              $ 52300  $55961  $314.65 $327.24  $589.70 $607.39
   00043  GALAGHER              $ 89000  $95230  $122.58 $127.48  $794.00 $817.82
   00044  HOUSTONS              $ 52000  $55640  $456.87 $475.14  $111.24 $114.58
   00051  PETERS                $ 63000  $67410  $235.68 $245.11  $711.24 $732.58
   00052  ROBERTS               $ 65200  $69764  $125.54 $130.56  $542.35 $558.62
   00063  JOHNNY APPLESEED JR.  $ 90800  $97156  $123.50 $128.44  $  5.87   $6.05
   00064  RIVERA                $ 88623  $94827  $789.45 $821.03  $123.33 $127.03
   00165  RIVERSON              $ 52900  $56603  $789.25 $820.82  $142.20 $146.47
